<?xml version="1.0" encoding="UTF-8"?>
<!-- Generated by org.testng.reporters.JUnitXMLReporter -->
<testsuite ignored="0" hostname="DESKTOP-GILPOQ4" failures="0" tests="4" name="Annotationsdemo" time="0.13" errors="0" timestamp="2021-06-12T17:57:43 IST">
  <testcase classname="sample.TC2" name="test1" time="0.011"/>
  <testcase classname="sample.TC2" name="test2" time="0.005"/>
  <testcase classname="sample.TC3" name="test3" time="0.003"/>
  <testcase classname="sample.TC3" name="test4" time="0.004"/>
</testsuite> <!-- Annotationsdemo -->
