<?xml version="1.0" encoding="UTF-8"?>
<!-- Generated by org.testng.reporters.JUnitXMLReporter -->
<testsuite ignored="2" hostname="DESKTOP-GILPOQ4" failures="0" tests="3" name="groupingtest" time="0.122" errors="0" timestamp="2021-06-12T20:05:59 IST">
  <testcase classname="sample.Grouping" name="test2" time="0.013"/>
  <testcase classname="sample.Grouping" name="test3" time="0.007"/>
  <testcase classname="sample.Grouping" name="test4" time="0.009"/>
  <testcase classname="sample.Grouping" name="test1" time="0.0">
    <ignored/>
  </testcase> <!-- test1 -->
  <testcase classname="sample.Grouping" name="test5" time="0.0">
    <ignored/>
  </testcase> <!-- test5 -->
</testsuite> <!-- groupingtest -->
